<?xml version="1.0" encoding="UTF-8"?>
<testsuite xmlns:xsi="http://www.w3.org/2001/XMLSchema-instance" xsi:noNamespaceSchemaLocation="https://maven.apache.org/surefire/maven-surefire-plugin/xsd/surefire-test-report-3.0.xsd" version="3.0" name="com.apache.ranger.pulsar.RangerPulsarPluginTest" time="0.352" tests="7" errors="0" skipped="0" failures="0">
  <properties>
[...]
</properties>
  <testcase name="testIsAccessAllowedWithLookup" classname="com.apache.ranger.pulsar.RangerPulsarPluginTest" time="0.281">
    <system-err><![CDATA[[main] INFO com.apache.ranger.pulsar.plugin.RangerPulsarPlugin - Added policy: PolicyModel{id='default-admin', accessType='admin', cluster='standalone', namespace='*', topic='*', users=[admin], groups=[admin-group], priority=100}
[main] INFO com.apache.ranger.pulsar.plugin.RangerPulsarPlugin - Added policy: PolicyModel{id='default-produce', accessType='produce', cluster='standalone', namespace='public/default', topic='*', users=[producer1, admin], groups=[producer-group], priority=50}
[main] INFO com.apache.ranger.pulsar.plugin.RangerPulsarPlugin - Added policy: PolicyModel{id='default-consume', accessType='consume', cluster='standalone', namespace='public/default', topic='*', users=[admin, consumer1], groups=[consumer-group], priority=50}
[main] INFO com.apache.ranger.pulsar.plugin.RangerPulsarPlugin - Added policy: PolicyModel{id='default-lookup', accessType='lookup', cluster='standalone', namespace='public/default', topic='*', users=[*], groups=[], priority=10}
[main] INFO com.apache.ranger.pulsar.plugin.RangerPulsarPlugin - Loaded 4 default policies
[main] INFO RANGER_AUDIT - {"timestamp":"2026-07-17T01:39:28.800325Z","event":"ACCESS","result":"GRANTED","user":"any-user","accessType":"lookup","resource":"standalone/public/default/test-topic"}
]]></system-err>
  </testcase>
  <testcase name="testIsAccessAllowedWithProducer" classname="com.apache.ranger.pulsar.RangerPulsarPluginTest" time="0.001">
    <system-err><![CDATA[[main] INFO RANGER_AUDIT - {"timestamp":"2026-07-17T01:39:28.865770Z","event":"ACCESS","result":"GRANTED","user":"producer1","accessType":"produce","resource":"standalone/public/default/test-topic"}
]]></system-err>
  </testcase>
  <testcase name="testSingletonInstance" classname="com.apache.ranger.pulsar.RangerPulsarPluginTest" time="0.001"/>
  <testcase name="testIsAccessAllowedWithConsumer" classname="com.apache.ranger.pulsar.RangerPulsarPluginTest" time="0">
    <system-err><![CDATA[[main] INFO RANGER_AUDIT - {"timestamp":"2026-07-17T01:39:28.868306Z","event":"ACCESS","result":"GRANTED","user":"consumer1","accessType":"consume","resource":"standalone/public/default/test-topic"}
]]></system-err>
  </testcase>
  <testcase name="testResourceHierarchy" classname="com.apache.ranger.pulsar.RangerPulsarPluginTest" time="0.01"/>
  <testcase name="testIsAccessAllowedWithAdminUser" classname="com.apache.ranger.pulsar.RangerPulsarPluginTest" time="0.001">
    <system-err><![CDATA[[main] INFO RANGER_AUDIT - {"timestamp":"2026-07-17T01:39:28.883070Z","event":"ACCESS","result":"GRANTED","user":"admin","accessType":"admin","resource":"standalone/public/default/test-topic"}
]]></system-err>
  </testcase>
  <testcase name="testIsAccessAllowedWithUnknownUser" classname="com.apache.ranger.pulsar.RangerPulsarPluginTest" time="0.004">
    <system-err><![CDATA[[main] WARN RANGER_AUDIT - {"timestamp":"2026-07-17T01:39:28.886939Z","event":"ACCESS","result":"DENIED","user":"unknown-user","accessType":"produce","resource":"standalone/public/default/test-topic"}
[main] WARN com.apache.ranger.pulsar.plugin.RangerPulsarPlugin - Access denied - user: unknown-user, groups: [], accessType: produce, resource: standalone/public/default/test-topic
]]></system-err>
  </testcase>
</testsuite>