<?xml version="1.0" encoding="UTF-8"?>
<testsuite xmlns:xsi="http://www.w3.org/2001/XMLSchema-instance" xsi:noNamespaceSchemaLocation="https://maven.apache.org/surefire/maven-surefire-plugin/xsd/surefire-test-report-3.0.xsd" version="3.0" name="com.apache.ranger.pulsar.RangerPulsarIntegrationTest" time="0.1" tests="10" errors="0" skipped="0" failures="0">
  <properties>
[...]
</properties>
  <testcase name="testUnknownUserDenied" classname="com.apache.ranger.pulsar.RangerPulsarIntegrationTest" time="0.016">
    <system-err><![CDATA[[main] INFO com.apache.ranger.pulsar.plugin.RangerPulsarPlugin - RangerPulsarPlugin initialized - config: RangerPulsarConfig{service=pulsar, cluster=standalone, cacheSize=10000, cacheTtl=300s, syncEnabled=true, syncInterval=30s, retryMax=3, retryBackoff=1000ms, adminUrl=http://localhost:6080, httpConnectTimeout=5000ms, httpReadTimeout=10000ms, sslEnabled=false, authEnabled=true, auditEnabled=true, auditMaxQueue=5000}, policies: 4
[main] INFO com.apache.ranger.pulsar.sync.PolicyRefresher - PolicyRefresher started - interval: 30s, url: http://localhost:6080, retryMax: 3, retryBackoff: 1000ms
[main] WARN RANGER_AUDIT - {"timestamp":"2026-07-17T01:39:32.530681Z","event":"ACCESS","result":"DENIED","user":"unknown","accessType":"produce","resource":"standalone/public/default/test-topic"}
[main] WARN com.apache.ranger.pulsar.plugin.RangerPulsarPlugin - Access denied - user: unknown, groups: [], accessType: produce, resource: standalone/public/default/test-topic
[main] WARN RANGER_AUDIT - {"timestamp":"2026-07-17T01:39:32.531147Z","event":"ACCESS","result":"DENIED","user":"unknown","accessType":"consume","resource":"standalone/public/default/test-topic"}
[main] WARN com.apache.ranger.pulsar.plugin.RangerPulsarPlugin - Access denied - user: unknown, groups: [], accessType: consume, resource: standalone/public/default/test-topic
[main] WARN RANGER_AUDIT - {"timestamp":"2026-07-17T01:39:32.531199Z","event":"ACCESS","result":"DENIED","user":"unknown","accessType":"admin","resource":"standalone/public/default/test-topic"}
[main] WARN com.apache.ranger.pulsar.plugin.RangerPulsarPlugin - Access denied - user: unknown, groups: [], accessType: admin, resource: standalone/public/default/test-topic
[ranger-policy-refresher] INFO com.apache.ranger.pulsar.plugin.RangerPulsarPlugin - Added policy: PolicyModel{id='ranger-mock-policy-1', accessType='admin', cluster='standalone', namespace='*', topic='*', users=[admin], groups=[], priority=50}
[ranger-policy-refresher] INFO com.apache.ranger.pulsar.plugin.RangerPulsarPlugin - Added policy: PolicyModel{id='ranger-mock-policy-2', accessType='produce', cluster='standalone', namespace='public/default', topic='*', users=[producer1, admin], groups=[], priority=50}
[ranger-policy-refresher] INFO com.apache.ranger.pulsar.plugin.RangerPulsarPlugin - Added policy: PolicyModel{id='ranger-mock-policy-3', accessType='consume', cluster='standalone', namespace='public/default', topic='*', users=[admin, consumer1], groups=[], priority=50}
[ranger-policy-refresher] INFO com.apache.ranger.pulsar.plugin.RangerPulsarPlugin - Added policy: PolicyModel{id='ranger-mock-policy-4', accessType='lookup', cluster='standalone', namespace='public/default', topic='*', users=[*], groups=[], priority=50}
[ranger-policy-refresher] INFO com.apache.ranger.pulsar.sync.PolicyRefresher - Policy sync completed - fetched 4 policies (hash=5115b69a)
[main] INFO com.apache.ranger.pulsar.sync.PolicyRefresher - PolicyRefresher stopped - totalSyncs=1, totalFails=0, totalPolicies=4
[main] INFO com.apache.ranger.pulsar.plugin.RangerPulsarPlugin - Added policy: PolicyModel{id='default-admin', accessType='admin', cluster='standalone', namespace='*', topic='*', users=[admin], groups=[admin-group], priority=100}
[main] INFO com.apache.ranger.pulsar.plugin.RangerPulsarPlugin - Added policy: PolicyModel{id='default-produce', accessType='produce', cluster='standalone', namespace='public/default', topic='*', users=[producer1, admin], groups=[producer-group], priority=50}
[main] INFO com.apache.ranger.pulsar.plugin.RangerPulsarPlugin - Added policy: PolicyModel{id='default-consume', accessType='consume', cluster='standalone', namespace='public/default', topic='*', users=[admin, consumer1], groups=[consumer-group], priority=50}
[main] INFO com.apache.ranger.pulsar.plugin.RangerPulsarPlugin - Added policy: PolicyModel{id='default-lookup', accessType='lookup', cluster='standalone', namespace='public/default', topic='*', users=[*], groups=[], priority=10}
[main] INFO com.apache.ranger.pulsar.plugin.RangerPulsarPlugin - Loaded 4 default policies
[main] INFO com.apache.ranger.pulsar.plugin.RangerPulsarPlugin - RangerPulsarPlugin cleaned up, default policies reloaded
]]></system-err>
  </testcase>
  <testcase name="testProducerConsumerSeparation" classname="com.apache.ranger.pulsar.RangerPulsarIntegrationTest" time="0.01">
    <system-err><![CDATA[[main] INFO com.apache.ranger.pulsar.plugin.RangerPulsarPlugin - RangerPulsarPlugin initialized - config: RangerPulsarConfig{service=pulsar, cluster=standalone, cacheSize=10000, cacheTtl=300s, syncEnabled=true, syncInterval=30s, retryMax=3, retryBackoff=1000ms, adminUrl=http://localhost:6080, httpConnectTimeout=5000ms, httpReadTimeout=10000ms, sslEnabled=false, authEnabled=true, auditEnabled=true, auditMaxQueue=5000}, policies: 4
[main] INFO com.apache.ranger.pulsar.sync.PolicyRefresher - PolicyRefresher started - interval: 30s, url: http://localhost:6080, retryMax: 3, retryBackoff: 1000ms
[main] INFO RANGER_AUDIT - {"timestamp":"2026-07-17T01:39:32.546455Z","event":"ACCESS","result":"GRANTED","user":"producer1","accessType":"produce","resource":"standalone/public/default/test-topic"}
[main] WARN RANGER_AUDIT - {"timestamp":"2026-07-17T01:39:32.546539Z","event":"ACCESS","result":"DENIED","user":"producer1","accessType":"consume","resource":"standalone/public/default/test-topic"}
[main] WARN com.apache.ranger.pulsar.plugin.RangerPulsarPlugin - Access denied - user: producer1, groups: [], accessType: consume, resource: standalone/public/default/test-topic
[main] INFO RANGER_AUDIT - {"timestamp":"2026-07-17T01:39:32.546590Z","event":"ACCESS","result":"GRANTED","user":"consumer1","accessType":"consume","resource":"standalone/public/default/test-topic"}
[main] WARN RANGER_AUDIT - {"timestamp":"2026-07-17T01:39:32.546625Z","event":"ACCESS","result":"DENIED","user":"consumer1","accessType":"produce","resource":"standalone/public/default/test-topic"}
[main] WARN com.apache.ranger.pulsar.plugin.RangerPulsarPlugin - Access denied - user: consumer1, groups: [], accessType: produce, resource: standalone/public/default/test-topic
[ranger-policy-refresher] INFO com.apache.ranger.pulsar.plugin.RangerPulsarPlugin - Added policy: PolicyModel{id='ranger-mock-policy-1', accessType='admin', cluster='standalone', namespace='*', topic='*', users=[admin], groups=[], priority=50}
[ranger-policy-refresher] INFO com.apache.ranger.pulsar.plugin.RangerPulsarPlugin - Added policy: PolicyModel{id='ranger-mock-policy-2', accessType='produce', cluster='standalone', namespace='public/default', topic='*', users=[producer1, admin], groups=[], priority=50}
[ranger-policy-refresher] INFO com.apache.ranger.pulsar.plugin.RangerPulsarPlugin - Added policy: PolicyModel{id='ranger-mock-policy-3', accessType='consume', cluster='standalone', namespace='public/default', topic='*', users=[admin, consumer1], groups=[], priority=50}
[ranger-policy-refresher] INFO com.apache.ranger.pulsar.plugin.RangerPulsarPlugin - Added policy: PolicyModel{id='ranger-mock-policy-4', accessType='lookup', cluster='standalone', namespace='public/default', topic='*', users=[*], groups=[], priority=50}
[ranger-policy-refresher] INFO com.apache.ranger.pulsar.sync.PolicyRefresher - Policy sync completed - fetched 4 policies (hash=5115b69a)
[main] INFO com.apache.ranger.pulsar.sync.PolicyRefresher - PolicyRefresher stopped - totalSyncs=1, totalFails=0, totalPolicies=4
[main] INFO com.apache.ranger.pulsar.plugin.RangerPulsarPlugin - Added policy: PolicyModel{id='default-admin', accessType='admin', cluster='standalone', namespace='*', topic='*', users=[admin], groups=[admin-group], priority=100}
[main] INFO com.apache.ranger.pulsar.plugin.RangerPulsarPlugin - Added policy: PolicyModel{id='default-produce', accessType='produce', cluster='standalone', namespace='public/default', topic='*', users=[producer1, admin], groups=[producer-group], priority=50}
[main] INFO com.apache.ranger.pulsar.plugin.RangerPulsarPlugin - Added policy: PolicyModel{id='default-consume', accessType='consume', cluster='standalone', namespace='public/default', topic='*', users=[admin, consumer1], groups=[consumer-group], priority=50}
[main] INFO com.apache.ranger.pulsar.plugin.RangerPulsarPlugin - Added policy: PolicyModel{id='default-lookup', accessType='lookup', cluster='standalone', namespace='public/default', topic='*', users=[*], groups=[], priority=10}
[main] INFO com.apache.ranger.pulsar.plugin.RangerPulsarPlugin - Loaded 4 default policies
[main] INFO com.apache.ranger.pulsar.plugin.RangerPulsarPlugin - RangerPulsarPlugin cleaned up, default policies reloaded
]]></system-err>
  </testcase>
  <testcase name="testWildcardTopicMatching" classname="com.apache.ranger.pulsar.RangerPulsarIntegrationTest" time="0.007">
    <system-err><![CDATA[[main] INFO com.apache.ranger.pulsar.plugin.RangerPulsarPlugin - RangerPulsarPlugin initialized - config: RangerPulsarConfig{service=pulsar, cluster=standalone, cacheSize=10000, cacheTtl=300s, syncEnabled=true, syncInterval=30s, retryMax=3, retryBackoff=1000ms, adminUrl=http://localhost:6080, httpConnectTimeout=5000ms, httpReadTimeout=10000ms, sslEnabled=false, authEnabled=true, auditEnabled=true, auditMaxQueue=5000}, policies: 4
[main] INFO com.apache.ranger.pulsar.sync.PolicyRefresher - PolicyRefresher started - interval: 30s, url: http://localhost:6080, retryMax: 3, retryBackoff: 1000ms
[main] INFO RANGER_AUDIT - {"timestamp":"2026-07-17T01:39:32.560992Z","event":"ACCESS","result":"GRANTED","user":"producer1","accessType":"produce","resource":"standalone/public/default/topic1"}
[main] INFO RANGER_AUDIT - {"timestamp":"2026-07-17T01:39:32.561069Z","event":"ACCESS","result":"GRANTED","user":"producer1","accessType":"produce","resource":"standalone/public/default/topic2"}
[main] INFO RANGER_AUDIT - {"timestamp":"2026-07-17T01:39:32.561109Z","event":"ACCESS","result":"GRANTED","user":"producer1","accessType":"produce","resource":"standalone/public/default/another-topic"}
[ranger-policy-refresher] INFO com.apache.ranger.pulsar.plugin.RangerPulsarPlugin - Added policy: PolicyModel{id='ranger-mock-policy-1', accessType='admin', cluster='standalone', namespace='*', topic='*', users=[admin], groups=[], priority=50}
[ranger-policy-refresher] INFO com.apache.ranger.pulsar.plugin.RangerPulsarPlugin - Added policy: PolicyModel{id='ranger-mock-policy-2', accessType='produce', cluster='standalone', namespace='public/default', topic='*', users=[producer1, admin], groups=[], priority=50}
[ranger-policy-refresher] INFO com.apache.ranger.pulsar.plugin.RangerPulsarPlugin - Added policy: PolicyModel{id='ranger-mock-policy-3', accessType='consume', cluster='standalone', namespace='public/default', topic='*', users=[admin, consumer1], groups=[], priority=50}
[ranger-policy-refresher] INFO com.apache.ranger.pulsar.plugin.RangerPulsarPlugin - Added policy: PolicyModel{id='ranger-mock-policy-4', accessType='lookup', cluster='standalone', namespace='public/default', topic='*', users=[*], groups=[], priority=50}
[ranger-policy-refresher] INFO com.apache.ranger.pulsar.sync.PolicyRefresher - Policy sync completed - fetched 4 policies (hash=5115b69a)
[main] INFO com.apache.ranger.pulsar.sync.PolicyRefresher - PolicyRefresher stopped - totalSyncs=1, totalFails=0, totalPolicies=4
[main] INFO com.apache.ranger.pulsar.plugin.RangerPulsarPlugin - Added policy: PolicyModel{id='default-admin', accessType='admin', cluster='standalone', namespace='*', topic='*', users=[admin], groups=[admin-group], priority=100}
[main] INFO com.apache.ranger.pulsar.plugin.RangerPulsarPlugin - Added policy: PolicyModel{id='default-produce', accessType='produce', cluster='standalone', namespace='public/default', topic='*', users=[producer1, admin], groups=[producer-group], priority=50}
[main] INFO com.apache.ranger.pulsar.plugin.RangerPulsarPlugin - Added policy: PolicyModel{id='default-consume', accessType='consume', cluster='standalone', namespace='public/default', topic='*', users=[admin, consumer1], groups=[consumer-group], priority=50}
[main] INFO com.apache.ranger.pulsar.plugin.RangerPulsarPlugin - Added policy: PolicyModel{id='default-lookup', accessType='lookup', cluster='standalone', namespace='public/default', topic='*', users=[*], groups=[], priority=10}
[main] INFO com.apache.ranger.pulsar.plugin.RangerPulsarPlugin - Loaded 4 default policies
[main] INFO com.apache.ranger.pulsar.plugin.RangerPulsarPlugin - RangerPulsarPlugin cleaned up, default policies reloaded
]]></system-err>
  </testcase>
  <testcase name="testCustomPolicyAddition" classname="com.apache.ranger.pulsar.RangerPulsarIntegrationTest" time="0.008">
    <system-err><![CDATA[[main] INFO com.apache.ranger.pulsar.plugin.RangerPulsarPlugin - RangerPulsarPlugin initialized - config: RangerPulsarConfig{service=pulsar, cluster=standalone, cacheSize=10000, cacheTtl=300s, syncEnabled=true, syncInterval=30s, retryMax=3, retryBackoff=1000ms, adminUrl=http://localhost:6080, httpConnectTimeout=5000ms, httpReadTimeout=10000ms, sslEnabled=false, authEnabled=true, auditEnabled=true, auditMaxQueue=5000}, policies: 4
[main] INFO com.apache.ranger.pulsar.sync.PolicyRefresher - PolicyRefresher started - interval: 30s, url: http://localhost:6080, retryMax: 3, retryBackoff: 1000ms
[main] WARN RANGER_AUDIT - {"timestamp":"2026-07-17T01:39:32.568673Z","event":"ACCESS","result":"DENIED","user":"custom-user","accessType":"produce","resource":"standalone/public/custom/custom-topic"}
[main] WARN com.apache.ranger.pulsar.plugin.RangerPulsarPlugin - Access denied - user: custom-user, groups: [], accessType: produce, resource: standalone/public/custom/custom-topic
[main] INFO com.apache.ranger.pulsar.plugin.RangerPulsarPlugin - Added policy: PolicyModel{id='custom-3090087338450083', accessType='produce', cluster='standalone', namespace='public/custom', topic='custom-topic', users=[custom-user], groups=[], priority=50}
[main] INFO RANGER_AUDIT - {"timestamp":"2026-07-17T01:39:32.569537Z","event":"ACCESS","result":"GRANTED","user":"custom-user","accessType":"produce","resource":"standalone/public/custom/custom-topic"}
[ranger-policy-refresher] INFO com.apache.ranger.pulsar.plugin.RangerPulsarPlugin - Added policy: PolicyModel{id='ranger-mock-policy-1', accessType='admin', cluster='standalone', namespace='*', topic='*', users=[admin], groups=[], priority=50}
[ranger-policy-refresher] INFO com.apache.ranger.pulsar.plugin.RangerPulsarPlugin - Added policy: PolicyModel{id='ranger-mock-policy-2', accessType='produce', cluster='standalone', namespace='public/default', topic='*', users=[producer1, admin], groups=[], priority=50}
[ranger-policy-refresher] INFO com.apache.ranger.pulsar.plugin.RangerPulsarPlugin - Added policy: PolicyModel{id='ranger-mock-policy-3', accessType='consume', cluster='standalone', namespace='public/default', topic='*', users=[admin, consumer1], groups=[], priority=50}
[ranger-policy-refresher] INFO com.apache.ranger.pulsar.plugin.RangerPulsarPlugin - Added policy: PolicyModel{id='ranger-mock-policy-4', accessType='lookup', cluster='standalone', namespace='public/default', topic='*', users=[*], groups=[], priority=50}
[ranger-policy-refresher] INFO com.apache.ranger.pulsar.sync.PolicyRefresher - Policy sync completed - fetched 4 policies (hash=5115b69a)
[main] INFO com.apache.ranger.pulsar.sync.PolicyRefresher - PolicyRefresher stopped - totalSyncs=1, totalFails=0, totalPolicies=4
[main] INFO com.apache.ranger.pulsar.plugin.RangerPulsarPlugin - Added policy: PolicyModel{id='default-admin', accessType='admin', cluster='standalone', namespace='*', topic='*', users=[admin], groups=[admin-group], priority=100}
[main] INFO com.apache.ranger.pulsar.plugin.RangerPulsarPlugin - Added policy: PolicyModel{id='default-produce', accessType='produce', cluster='standalone', namespace='public/default', topic='*', users=[producer1, admin], groups=[producer-group], priority=50}
[main] INFO com.apache.ranger.pulsar.plugin.RangerPulsarPlugin - Added policy: PolicyModel{id='default-consume', accessType='consume', cluster='standalone', namespace='public/default', topic='*', users=[admin, consumer1], groups=[consumer-group], priority=50}
[main] INFO com.apache.ranger.pulsar.plugin.RangerPulsarPlugin - Added policy: PolicyModel{id='default-lookup', accessType='lookup', cluster='standalone', namespace='public/default', topic='*', users=[*], groups=[], priority=10}
[main] INFO com.apache.ranger.pulsar.plugin.RangerPulsarPlugin - Loaded 4 default policies
[main] INFO com.apache.ranger.pulsar.plugin.RangerPulsarPlugin - RangerPulsarPlugin cleaned up, default policies reloaded
]]></system-err>
  </testcase>
  <testcase name="testDifferentNamespaceDenied" classname="com.apache.ranger.pulsar.RangerPulsarIntegrationTest" time="0.005">
    <system-err><![CDATA[[main] INFO com.apache.ranger.pulsar.plugin.RangerPulsarPlugin - RangerPulsarPlugin initialized - config: RangerPulsarConfig{service=pulsar, cluster=standalone, cacheSize=10000, cacheTtl=300s, syncEnabled=true, syncInterval=30s, retryMax=3, retryBackoff=1000ms, adminUrl=http://localhost:6080, httpConnectTimeout=5000ms, httpReadTimeout=10000ms, sslEnabled=false, authEnabled=true, auditEnabled=true, auditMaxQueue=5000}, policies: 4
[main] INFO com.apache.ranger.pulsar.sync.PolicyRefresher - PolicyRefresher started - interval: 30s, url: http://localhost:6080, retryMax: 3, retryBackoff: 1000ms
[main] WARN RANGER_AUDIT - {"timestamp":"2026-07-17T01:39:32.576855Z","event":"ACCESS","result":"DENIED","user":"producer1","accessType":"produce","resource":"standalone/public/other/test-topic"}
[main] WARN com.apache.ranger.pulsar.plugin.RangerPulsarPlugin - Access denied - user: producer1, groups: [], accessType: produce, resource: standalone/public/other/test-topic
[main] WARN RANGER_AUDIT - {"timestamp":"2026-07-17T01:39:32.576933Z","event":"ACCESS","result":"DENIED","user":"consumer1","accessType":"consume","resource":"standalone/public/other/test-topic"}
[main] WARN com.apache.ranger.pulsar.plugin.RangerPulsarPlugin - Access denied - user: consumer1, groups: [], accessType: consume, resource: standalone/public/other/test-topic
[ranger-policy-refresher] INFO com.apache.ranger.pulsar.plugin.RangerPulsarPlugin - Added policy: PolicyModel{id='ranger-mock-policy-1', accessType='admin', cluster='standalone', namespace='*', topic='*', users=[admin], groups=[], priority=50}
[ranger-policy-refresher] INFO com.apache.ranger.pulsar.plugin.RangerPulsarPlugin - Added policy: PolicyModel{id='ranger-mock-policy-2', accessType='produce', cluster='standalone', namespace='public/default', topic='*', users=[producer1, admin], groups=[], priority=50}
[ranger-policy-refresher] INFO com.apache.ranger.pulsar.plugin.RangerPulsarPlugin - Added policy: PolicyModel{id='ranger-mock-policy-3', accessType='consume', cluster='standalone', namespace='public/default', topic='*', users=[admin, consumer1], groups=[], priority=50}
[ranger-policy-refresher] INFO com.apache.ranger.pulsar.plugin.RangerPulsarPlugin - Added policy: PolicyModel{id='ranger-mock-policy-4', accessType='lookup', cluster='standalone', namespace='public/default', topic='*', users=[*], groups=[], priority=50}
[ranger-policy-refresher] INFO com.apache.ranger.pulsar.sync.PolicyRefresher - Policy sync completed - fetched 4 policies (hash=5115b69a)
[main] INFO com.apache.ranger.pulsar.sync.PolicyRefresher - PolicyRefresher stopped - totalSyncs=1, totalFails=0, totalPolicies=4
[main] INFO com.apache.ranger.pulsar.plugin.RangerPulsarPlugin - Added policy: PolicyModel{id='default-admin', accessType='admin', cluster='standalone', namespace='*', topic='*', users=[admin], groups=[admin-group], priority=100}
[main] INFO com.apache.ranger.pulsar.plugin.RangerPulsarPlugin - Added policy: PolicyModel{id='default-produce', accessType='produce', cluster='standalone', namespace='public/default', topic='*', users=[producer1, admin], groups=[producer-group], priority=50}
[main] INFO com.apache.ranger.pulsar.plugin.RangerPulsarPlugin - Added policy: PolicyModel{id='default-consume', accessType='consume', cluster='standalone', namespace='public/default', topic='*', users=[admin, consumer1], groups=[consumer-group], priority=50}
[main] INFO com.apache.ranger.pulsar.plugin.RangerPulsarPlugin - Added policy: PolicyModel{id='default-lookup', accessType='lookup', cluster='standalone', namespace='public/default', topic='*', users=[*], groups=[], priority=10}
[main] INFO com.apache.ranger.pulsar.plugin.RangerPulsarPlugin - Loaded 4 default policies
[main] INFO com.apache.ranger.pulsar.plugin.RangerPulsarPlugin - RangerPulsarPlugin cleaned up, default policies reloaded
]]></system-err>
  </testcase>
  <testcase name="testDifferentClusterDenied" classname="com.apache.ranger.pulsar.RangerPulsarIntegrationTest" time="0.003">
    <system-err><![CDATA[[main] INFO com.apache.ranger.pulsar.plugin.RangerPulsarPlugin - RangerPulsarPlugin initialized - config: RangerPulsarConfig{service=pulsar, cluster=standalone, cacheSize=10000, cacheTtl=300s, syncEnabled=true, syncInterval=30s, retryMax=3, retryBackoff=1000ms, adminUrl=http://localhost:6080, httpConnectTimeout=5000ms, httpReadTimeout=10000ms, sslEnabled=false, authEnabled=true, auditEnabled=true, auditMaxQueue=5000}, policies: 4
[main] INFO com.apache.ranger.pulsar.sync.PolicyRefresher - PolicyRefresher started - interval: 30s, url: http://localhost:6080, retryMax: 3, retryBackoff: 1000ms
[main] WARN RANGER_AUDIT - {"timestamp":"2026-07-17T01:39:32.581819Z","event":"ACCESS","result":"DENIED","user":"admin","accessType":"admin","resource":"other-cluster/public/default/test-topic"}
[main] WARN com.apache.ranger.pulsar.plugin.RangerPulsarPlugin - Access denied - user: admin, groups: [], accessType: admin, resource: other-cluster/public/default/test-topic
[main] WARN RANGER_AUDIT - {"timestamp":"2026-07-17T01:39:32.581893Z","event":"ACCESS","result":"DENIED","user":"producer1","accessType":"produce","resource":"other-cluster/public/default/test-topic"}
[main] WARN com.apache.ranger.pulsar.plugin.RangerPulsarPlugin - Access denied - user: producer1, groups: [], accessType: produce, resource: other-cluster/public/default/test-topic
[ranger-policy-refresher] INFO com.apache.ranger.pulsar.plugin.RangerPulsarPlugin - Added policy: PolicyModel{id='ranger-mock-policy-1', accessType='admin', cluster='standalone', namespace='*', topic='*', users=[admin], groups=[], priority=50}
[ranger-policy-refresher] INFO com.apache.ranger.pulsar.plugin.RangerPulsarPlugin - Added policy: PolicyModel{id='ranger-mock-policy-2', accessType='produce', cluster='standalone', namespace='public/default', topic='*', users=[producer1, admin], groups=[], priority=50}
[ranger-policy-refresher] INFO com.apache.ranger.pulsar.plugin.RangerPulsarPlugin - Added policy: PolicyModel{id='ranger-mock-policy-3', accessType='consume', cluster='standalone', namespace='public/default', topic='*', users=[admin, consumer1], groups=[], priority=50}
[ranger-policy-refresher] INFO com.apache.ranger.pulsar.plugin.RangerPulsarPlugin - Added policy: PolicyModel{id='ranger-mock-policy-4', accessType='lookup', cluster='standalone', namespace='public/default', topic='*', users=[*], groups=[], priority=50}
[ranger-policy-refresher] INFO com.apache.ranger.pulsar.sync.PolicyRefresher - Policy sync completed - fetched 4 policies (hash=5115b69a)
[main] INFO com.apache.ranger.pulsar.sync.PolicyRefresher - PolicyRefresher stopped - totalSyncs=1, totalFails=0, totalPolicies=4
[main] INFO com.apache.ranger.pulsar.plugin.RangerPulsarPlugin - Added policy: PolicyModel{id='default-admin', accessType='admin', cluster='standalone', namespace='*', topic='*', users=[admin], groups=[admin-group], priority=100}
[main] INFO com.apache.ranger.pulsar.plugin.RangerPulsarPlugin - Added policy: PolicyModel{id='default-produce', accessType='produce', cluster='standalone', namespace='public/default', topic='*', users=[producer1, admin], groups=[producer-group], priority=50}
[main] INFO com.apache.ranger.pulsar.plugin.RangerPulsarPlugin - Added policy: PolicyModel{id='default-consume', accessType='consume', cluster='standalone', namespace='public/default', topic='*', users=[admin, consumer1], groups=[consumer-group], priority=50}
[main] INFO com.apache.ranger.pulsar.plugin.RangerPulsarPlugin - Added policy: PolicyModel{id='default-lookup', accessType='lookup', cluster='standalone', namespace='public/default', topic='*', users=[*], groups=[], priority=10}
[main] INFO com.apache.ranger.pulsar.plugin.RangerPulsarPlugin - Loaded 4 default policies
[main] INFO com.apache.ranger.pulsar.plugin.RangerPulsarPlugin - RangerPulsarPlugin cleaned up, default policies reloaded
]]></system-err>
  </testcase>
  <testcase name="testResourceWithAllLevels" classname="com.apache.ranger.pulsar.RangerPulsarIntegrationTest" time="0.006">
    <system-err><![CDATA[[main] INFO com.apache.ranger.pulsar.plugin.RangerPulsarPlugin - RangerPulsarPlugin initialized - config: RangerPulsarConfig{service=pulsar, cluster=standalone, cacheSize=10000, cacheTtl=300s, syncEnabled=true, syncInterval=30s, retryMax=3, retryBackoff=1000ms, adminUrl=http://localhost:6080, httpConnectTimeout=5000ms, httpReadTimeout=10000ms, sslEnabled=false, authEnabled=true, auditEnabled=true, auditMaxQueue=5000}, policies: 4
[main] INFO com.apache.ranger.pulsar.sync.PolicyRefresher - PolicyRefresher started - interval: 30s, url: http://localhost:6080, retryMax: 3, retryBackoff: 1000ms
[main] INFO RANGER_AUDIT - {"timestamp":"2026-07-17T01:39:32.587160Z","event":"ACCESS","result":"GRANTED","user":"consumer1","accessType":"consume","resource":"standalone/public/default/test-topic"}
[ranger-policy-refresher] INFO com.apache.ranger.pulsar.plugin.RangerPulsarPlugin - Added policy: PolicyModel{id='ranger-mock-policy-1', accessType='admin', cluster='standalone', namespace='*', topic='*', users=[admin], groups=[], priority=50}
[ranger-policy-refresher] INFO com.apache.ranger.pulsar.plugin.RangerPulsarPlugin - Added policy: PolicyModel{id='ranger-mock-policy-2', accessType='produce', cluster='standalone', namespace='public/default', topic='*', users=[producer1, admin], groups=[], priority=50}
[ranger-policy-refresher] INFO com.apache.ranger.pulsar.plugin.RangerPulsarPlugin - Added policy: PolicyModel{id='ranger-mock-policy-3', accessType='consume', cluster='standalone', namespace='public/default', topic='*', users=[admin, consumer1], groups=[], priority=50}
[ranger-policy-refresher] INFO com.apache.ranger.pulsar.plugin.RangerPulsarPlugin - Added policy: PolicyModel{id='ranger-mock-policy-4', accessType='lookup', cluster='standalone', namespace='public/default', topic='*', users=[*], groups=[], priority=50}
[ranger-policy-refresher] INFO com.apache.ranger.pulsar.sync.PolicyRefresher - Policy sync completed - fetched 4 policies (hash=5115b69a)
[main] INFO com.apache.ranger.pulsar.sync.PolicyRefresher - PolicyRefresher stopped - totalSyncs=1, totalFails=0, totalPolicies=4
[main] INFO com.apache.ranger.pulsar.plugin.RangerPulsarPlugin - Added policy: PolicyModel{id='default-admin', accessType='admin', cluster='standalone', namespace='*', topic='*', users=[admin], groups=[admin-group], priority=100}
[main] INFO com.apache.ranger.pulsar.plugin.RangerPulsarPlugin - Added policy: PolicyModel{id='default-produce', accessType='produce', cluster='standalone', namespace='public/default', topic='*', users=[producer1, admin], groups=[producer-group], priority=50}
[main] INFO com.apache.ranger.pulsar.plugin.RangerPulsarPlugin - Added policy: PolicyModel{id='default-consume', accessType='consume', cluster='standalone', namespace='public/default', topic='*', users=[admin, consumer1], groups=[consumer-group], priority=50}
[main] INFO com.apache.ranger.pulsar.plugin.RangerPulsarPlugin - Added policy: PolicyModel{id='default-lookup', accessType='lookup', cluster='standalone', namespace='public/default', topic='*', users=[*], groups=[], priority=10}
[main] INFO com.apache.ranger.pulsar.plugin.RangerPulsarPlugin - Loaded 4 default policies
[main] INFO com.apache.ranger.pulsar.plugin.RangerPulsarPlugin - RangerPulsarPlugin cleaned up, default policies reloaded
]]></system-err>
  </testcase>
  <testcase name="testLookupAccessForAllUsers" classname="com.apache.ranger.pulsar.RangerPulsarIntegrationTest" time="0.011">
    <system-err><![CDATA[[main] INFO com.apache.ranger.pulsar.plugin.RangerPulsarPlugin - RangerPulsarPlugin initialized - config: RangerPulsarConfig{service=pulsar, cluster=standalone, cacheSize=10000, cacheTtl=300s, syncEnabled=true, syncInterval=30s, retryMax=3, retryBackoff=1000ms, adminUrl=http://localhost:6080, httpConnectTimeout=5000ms, httpReadTimeout=10000ms, sslEnabled=false, authEnabled=true, auditEnabled=true, auditMaxQueue=5000}, policies: 4
[main] INFO com.apache.ranger.pulsar.sync.PolicyRefresher - PolicyRefresher started - interval: 30s, url: http://localhost:6080, retryMax: 3, retryBackoff: 1000ms
[main] INFO RANGER_AUDIT - {"timestamp":"2026-07-17T01:39:32.600671Z","event":"ACCESS","result":"GRANTED","user":"any-user","accessType":"lookup","resource":"standalone/public/default/test-topic"}
[main] INFO RANGER_AUDIT - {"timestamp":"2026-07-17T01:39:32.600825Z","event":"ACCESS","result":"GRANTED","user":"admin","accessType":"lookup","resource":"standalone/public/default/test-topic"}
[main] INFO RANGER_AUDIT - {"timestamp":"2026-07-17T01:39:32.600865Z","event":"ACCESS","result":"GRANTED","user":"producer1","accessType":"lookup","resource":"standalone/public/default/test-topic"}
[ranger-policy-refresher] INFO com.apache.ranger.pulsar.plugin.RangerPulsarPlugin - Added policy: PolicyModel{id='ranger-mock-policy-1', accessType='admin', cluster='standalone', namespace='*', topic='*', users=[admin], groups=[], priority=50}
[ranger-policy-refresher] INFO com.apache.ranger.pulsar.plugin.RangerPulsarPlugin - Added policy: PolicyModel{id='ranger-mock-policy-2', accessType='produce', cluster='standalone', namespace='public/default', topic='*', users=[producer1, admin], groups=[], priority=50}
[ranger-policy-refresher] INFO com.apache.ranger.pulsar.plugin.RangerPulsarPlugin - Added policy: PolicyModel{id='ranger-mock-policy-3', accessType='consume', cluster='standalone', namespace='public/default', topic='*', users=[admin, consumer1], groups=[], priority=50}
[ranger-policy-refresher] INFO com.apache.ranger.pulsar.plugin.RangerPulsarPlugin - Added policy: PolicyModel{id='ranger-mock-policy-4', accessType='lookup', cluster='standalone', namespace='public/default', topic='*', users=[*], groups=[], priority=50}
[ranger-policy-refresher] INFO com.apache.ranger.pulsar.sync.PolicyRefresher - Policy sync completed - fetched 4 policies (hash=5115b69a)
[main] INFO com.apache.ranger.pulsar.sync.PolicyRefresher - PolicyRefresher stopped - totalSyncs=1, totalFails=0, totalPolicies=4
[main] INFO com.apache.ranger.pulsar.plugin.RangerPulsarPlugin - Added policy: PolicyModel{id='default-admin', accessType='admin', cluster='standalone', namespace='*', topic='*', users=[admin], groups=[admin-group], priority=100}
[main] INFO com.apache.ranger.pulsar.plugin.RangerPulsarPlugin - Added policy: PolicyModel{id='default-produce', accessType='produce', cluster='standalone', namespace='public/default', topic='*', users=[producer1, admin], groups=[producer-group], priority=50}
[main] INFO com.apache.ranger.pulsar.plugin.RangerPulsarPlugin - Added policy: PolicyModel{id='default-consume', accessType='consume', cluster='standalone', namespace='public/default', topic='*', users=[admin, consumer1], groups=[consumer-group], priority=50}
[main] INFO com.apache.ranger.pulsar.plugin.RangerPulsarPlugin - Added policy: PolicyModel{id='default-lookup', accessType='lookup', cluster='standalone', namespace='public/default', topic='*', users=[*], groups=[], priority=10}
[main] INFO com.apache.ranger.pulsar.plugin.RangerPulsarPlugin - Loaded 4 default policies
[main] INFO com.apache.ranger.pulsar.plugin.RangerPulsarPlugin - RangerPulsarPlugin cleaned up, default policies reloaded
]]></system-err>
  </testcase>
  <testcase name="testEmptyParameters" classname="com.apache.ranger.pulsar.RangerPulsarIntegrationTest" time="0.007">
    <system-err><![CDATA[[main] INFO com.apache.ranger.pulsar.plugin.RangerPulsarPlugin - RangerPulsarPlugin initialized - config: RangerPulsarConfig{service=pulsar, cluster=standalone, cacheSize=10000, cacheTtl=300s, syncEnabled=true, syncInterval=30s, retryMax=3, retryBackoff=1000ms, adminUrl=http://localhost:6080, httpConnectTimeout=5000ms, httpReadTimeout=10000ms, sslEnabled=false, authEnabled=true, auditEnabled=true, auditMaxQueue=5000}, policies: 4
[main] INFO com.apache.ranger.pulsar.sync.PolicyRefresher - PolicyRefresher started - interval: 30s, url: http://localhost:6080, retryMax: 3, retryBackoff: 1000ms
[ranger-policy-refresher] INFO com.apache.ranger.pulsar.plugin.RangerPulsarPlugin - Added policy: PolicyModel{id='ranger-mock-policy-1', accessType='admin', cluster='standalone', namespace='*', topic='*', users=[admin], groups=[], priority=50}
[ranger-policy-refresher] INFO com.apache.ranger.pulsar.plugin.RangerPulsarPlugin - Added policy: PolicyModel{id='ranger-mock-policy-2', accessType='produce', cluster='standalone', namespace='public/default', topic='*', users=[producer1, admin], groups=[], priority=50}
[ranger-policy-refresher] INFO com.apache.ranger.pulsar.plugin.RangerPulsarPlugin - Added policy: PolicyModel{id='ranger-mock-policy-3', accessType='consume', cluster='standalone', namespace='public/default', topic='*', users=[admin, consumer1], groups=[], priority=50}
[ranger-policy-refresher] INFO com.apache.ranger.pulsar.plugin.RangerPulsarPlugin - Added policy: PolicyModel{id='ranger-mock-policy-4', accessType='lookup', cluster='standalone', namespace='public/default', topic='*', users=[*], groups=[], priority=50}
[ranger-policy-refresher] INFO com.apache.ranger.pulsar.sync.PolicyRefresher - Policy sync completed - fetched 4 policies (hash=5115b69a)
[main] WARN com.apache.ranger.pulsar.plugin.RangerPulsarPlugin - Invalid parameters - user: null, accessType: produce, resource: RangerPulsarResource{standalone/public/default/test-topic}
[main] WARN com.apache.ranger.pulsar.plugin.RangerPulsarPlugin - Invalid parameters - user: admin, accessType: null, resource: RangerPulsarResource{standalone/public/default/test-topic}
[main] WARN com.apache.ranger.pulsar.plugin.RangerPulsarPlugin - Invalid parameters - user: admin, accessType: produce, resource: null
[main] INFO com.apache.ranger.pulsar.sync.PolicyRefresher - PolicyRefresher stopped - totalSyncs=1, totalFails=0, totalPolicies=4
[main] INFO com.apache.ranger.pulsar.plugin.RangerPulsarPlugin - Added policy: PolicyModel{id='default-admin', accessType='admin', cluster='standalone', namespace='*', topic='*', users=[admin], groups=[admin-group], priority=100}
[main] INFO com.apache.ranger.pulsar.plugin.RangerPulsarPlugin - Added policy: PolicyModel{id='default-produce', accessType='produce', cluster='standalone', namespace='public/default', topic='*', users=[producer1, admin], groups=[producer-group], priority=50}
[main] INFO com.apache.ranger.pulsar.plugin.RangerPulsarPlugin - Added policy: PolicyModel{id='default-consume', accessType='consume', cluster='standalone', namespace='public/default', topic='*', users=[admin, consumer1], groups=[consumer-group], priority=50}
[main] INFO com.apache.ranger.pulsar.plugin.RangerPulsarPlugin - Added policy: PolicyModel{id='default-lookup', accessType='lookup', cluster='standalone', namespace='public/default', topic='*', users=[*], groups=[], priority=10}
[main] INFO com.apache.ranger.pulsar.plugin.RangerPulsarPlugin - Loaded 4 default policies
[main] INFO com.apache.ranger.pulsar.plugin.RangerPulsarPlugin - RangerPulsarPlugin cleaned up, default policies reloaded
]]></system-err>
  </testcase>
  <testcase name="testFullPolicyHierarchy" classname="com.apache.ranger.pulsar.RangerPulsarIntegrationTest" time="0.009">
    <system-err><![CDATA[[main] INFO com.apache.ranger.pulsar.plugin.RangerPulsarPlugin - RangerPulsarPlugin initialized - config: RangerPulsarConfig{service=pulsar, cluster=standalone, cacheSize=10000, cacheTtl=300s, syncEnabled=true, syncInterval=30s, retryMax=3, retryBackoff=1000ms, adminUrl=http://localhost:6080, httpConnectTimeout=5000ms, httpReadTimeout=10000ms, sslEnabled=false, authEnabled=true, auditEnabled=true, auditMaxQueue=5000}, policies: 4
[main] INFO com.apache.ranger.pulsar.sync.PolicyRefresher - PolicyRefresher started - interval: 30s, url: http://localhost:6080, retryMax: 3, retryBackoff: 1000ms
[ranger-policy-refresher] INFO com.apache.ranger.pulsar.plugin.RangerPulsarPlugin - Added policy: PolicyModel{id='ranger-mock-policy-1', accessType='admin', cluster='standalone', namespace='*', topic='*', users=[admin], groups=[], priority=50}
[ranger-policy-refresher] INFO com.apache.ranger.pulsar.plugin.RangerPulsarPlugin - Added policy: PolicyModel{id='ranger-mock-policy-2', accessType='produce', cluster='standalone', namespace='public/default', topic='*', users=[producer1, admin], groups=[], priority=50}
[ranger-policy-refresher] INFO com.apache.ranger.pulsar.plugin.RangerPulsarPlugin - Added policy: PolicyModel{id='ranger-mock-policy-3', accessType='consume', cluster='standalone', namespace='public/default', topic='*', users=[admin, consumer1], groups=[], priority=50}
[ranger-policy-refresher] INFO com.apache.ranger.pulsar.plugin.RangerPulsarPlugin - Added policy: PolicyModel{id='ranger-mock-policy-4', accessType='lookup', cluster='standalone', namespace='public/default', topic='*', users=[*], groups=[], priority=50}
[ranger-policy-refresher] INFO com.apache.ranger.pulsar.sync.PolicyRefresher - Policy sync completed - fetched 4 policies (hash=5115b69a)
[main] INFO RANGER_AUDIT - {"timestamp":"2026-07-17T01:39:32.619422Z","event":"ACCESS","result":"GRANTED","user":"admin","accessType":"admin","resource":"standalone/public/default/test-topic"}
[main] INFO RANGER_AUDIT - {"timestamp":"2026-07-17T01:39:32.619947Z","event":"ACCESS","result":"GRANTED","user":"admin","accessType":"produce","resource":"standalone/public/default/test-topic"}
[main] INFO RANGER_AUDIT - {"timestamp":"2026-07-17T01:39:32.619992Z","event":"ACCESS","result":"GRANTED","user":"admin","accessType":"consume","resource":"standalone/public/default/test-topic"}
[main] INFO com.apache.ranger.pulsar.sync.PolicyRefresher - PolicyRefresher stopped - totalSyncs=1, totalFails=0, totalPolicies=4
[main] INFO com.apache.ranger.pulsar.plugin.RangerPulsarPlugin - Added policy: PolicyModel{id='default-admin', accessType='admin', cluster='standalone', namespace='*', topic='*', users=[admin], groups=[admin-group], priority=100}
[main] INFO com.apache.ranger.pulsar.plugin.RangerPulsarPlugin - Added policy: PolicyModel{id='default-produce', accessType='produce', cluster='standalone', namespace='public/default', topic='*', users=[producer1, admin], groups=[producer-group], priority=50}
[main] INFO com.apache.ranger.pulsar.plugin.RangerPulsarPlugin - Added policy: PolicyModel{id='default-consume', accessType='consume', cluster='standalone', namespace='public/default', topic='*', users=[admin, consumer1], groups=[consumer-group], priority=50}
[main] INFO com.apache.ranger.pulsar.plugin.RangerPulsarPlugin - Added policy: PolicyModel{id='default-lookup', accessType='lookup', cluster='standalone', namespace='public/default', topic='*', users=[*], groups=[], priority=10}
[main] INFO com.apache.ranger.pulsar.plugin.RangerPulsarPlugin - Loaded 4 default policies
[main] INFO com.apache.ranger.pulsar.plugin.RangerPulsarPlugin - RangerPulsarPlugin cleaned up, default policies reloaded
]]></system-err>
  </testcase>
</testsuite>